This is pdfTeX, Version 3.14159265-2.6-1.40.18 (TeX Live 2017/W32TeX) (preloaded format=pdflatex 2018.1.29)  17 OCT 2019 11:07
entering extended mode
 restricted \write18 enabled.
 %&-line parsing enabled.
**./ps1_tex.tex
(./ps1_tex.tex
LaTeX2e <2017-04-15>
Babel <3.17> and hyphenation patterns for 84 language(s) loaded.
(c:/texlive/2017/texmf-dist/tex/latex/base/article.cls
Document Class: article 2014/09/29 v1.4h Standard LaTeX document class
(c:/texlive/2017/texmf-dist/tex/latex/base/size11.clo
File: size11.clo 2014/09/29 v1.4h Standard LaTeX file (size option)
)
\c@part=\count79
\c@section=\count80
\c@subsection=\count81
\c@subsubsection=\count82
\c@paragraph=\count83
\c@subparagraph=\count84
\c@figure=\count85
\c@table=\count86
\abovecaptionskip=\skip41
\belowcaptionskip=\skip42
\bibindent=\dimen102
)
(c:/texlive/2017/texmf-dist/tex/latex/geometry/geometry.sty
Package: geometry 2010/09/12 v5.6 Page Geometry

(c:/texlive/2017/texmf-dist/tex/latex/graphics/keyval.sty
Package: keyval 2014/10/28 v1.15 key=value parser (DPC)
\KV@toks@=\toks14
)
(c:/texlive/2017/texmf-dist/tex/generic/oberdiek/ifpdf.sty
Package: ifpdf 2017/03/15 v3.2 Provides the ifpdf switch
)
(c:/texlive/2017/texmf-dist/tex/generic/oberdiek/ifvtex.sty
Package: ifvtex 2016/05/16 v1.6 Detect VTeX and its facilities (HO)
Package ifvtex Info: VTeX not detected.
)
(c:/texlive/2017/texmf-dist/tex/generic/ifxetex/ifxetex.sty
Package: ifxetex 2010/09/12 v0.6 Provides ifxetex conditional
)
\Gm@cnth=\count87
\Gm@cntv=\count88
\c@Gm@tempcnt=\count89
\Gm@bindingoffset=\dimen103
\Gm@wd@mp=\dimen104
\Gm@odd@mp=\dimen105
\Gm@even@mp=\dimen106
\Gm@layoutwidth=\dimen107
\Gm@layoutheight=\dimen108
\Gm@layouthoffset=\dimen109
\Gm@layoutvoffset=\dimen110
\Gm@dimlist=\toks15
)
(c:/texlive/2017/texmf-dist/tex/latex/pdfpages/pdfpages.sty
Package: pdfpages 2017/10/31 v0.5l Insert pages of external PDF documents (AM)

(c:/texlive/2017/texmf-dist/tex/latex/base/ifthen.sty
Package: ifthen 2014/09/29 v1.1c Standard LaTeX ifthen package (DPC)
)
(c:/texlive/2017/texmf-dist/tex/latex/tools/calc.sty
Package: calc 2014/10/28 v4.3 Infix arithmetic (KKT,FJ)
\calc@Acount=\count90
\calc@Bcount=\count91
\calc@Adimen=\dimen111
\calc@Bdimen=\dimen112
\calc@Askip=\skip43
\calc@Bskip=\skip44
LaTeX Info: Redefining \setlength on input line 80.
LaTeX Info: Redefining \addtolength on input line 81.
\calc@Ccount=\count92
\calc@Cskip=\skip45
)
(c:/texlive/2017/texmf-dist/tex/latex/eso-pic/eso-pic.sty
Package: eso-pic 2015/07/21 v2.0g eso-pic (RN)

(c:/texlive/2017/texmf-dist/tex/generic/oberdiek/atbegshi.sty
Package: atbegshi 2016/06/09 v1.18 At begin shipout hook (HO)

(c:/texlive/2017/texmf-dist/tex/generic/oberdiek/infwarerr.sty
Package: infwarerr 2016/05/16 v1.4 Providing info/warning/error messages (HO)
)
(c:/texlive/2017/texmf-dist/tex/generic/oberdiek/ltxcmds.sty
Package: ltxcmds 2016/05/16 v1.23 LaTeX kernel commands for general use (HO)
))
(c:/texlive/2017/texmf-dist/tex/latex/xcolor/xcolor.sty
Package: xcolor 2016/05/11 v2.12 LaTeX color extensions (UK)

(c:/texlive/2017/texmf-dist/tex/latex/graphics-cfg/color.cfg
File: color.cfg 2016/01/02 v1.6 sample color configuration
)
Package xcolor Info: Driver file: pdftex.def on input line 225.

(c:/texlive/2017/texmf-dist/tex/latex/graphics-def/pdftex.def
File: pdftex.def 2018/01/08 v1.0l Graphics/color driver for pdftex
)
Package xcolor Info: Model `cmy' substituted by `cmy0' on input line 1348.
Package xcolor Info: Model `hsb' substituted by `rgb' on input line 1352.
Package xcolor Info: Model `RGB' extended on input line 1364.
Package xcolor Info: Model `HTML' substituted by `rgb' on input line 1366.
Package xcolor Info: Model `Hsb' substituted by `hsb' on input line 1367.
Package xcolor Info: Model `tHsb' substituted by `hsb' on input line 1368.
Package xcolor Info: Model `HSB' substituted by `hsb' on input line 1369.
Package xcolor Info: Model `Gray' substituted by `gray' on input line 1370.
Package xcolor Info: Model `wave' substituted by `hsb' on input line 1371.
))
(c:/texlive/2017/texmf-dist/tex/latex/graphics/graphicx.sty
Package: graphicx 2017/06/01 v1.1a Enhanced LaTeX Graphics (DPC,SPQR)

(c:/texlive/2017/texmf-dist/tex/latex/graphics/graphics.sty
Package: graphics 2017/06/25 v1.2c Standard LaTeX Graphics (DPC,SPQR)

(c:/texlive/2017/texmf-dist/tex/latex/graphics/trig.sty
Package: trig 2016/01/03 v1.10 sin cos tan (DPC)
)
(c:/texlive/2017/texmf-dist/tex/latex/graphics-cfg/graphics.cfg
File: graphics.cfg 2016/06/04 v1.11 sample graphics configuration
)
Package graphics Info: Driver file: pdftex.def on input line 99.
)
\Gin@req@height=\dimen113
\Gin@req@width=\dimen114
)
\AM@pagewidth=\dimen115
\AM@pageheight=\dimen116

(c:/texlive/2017/texmf-dist/tex/latex/pdfpages/pppdftex.def
File: pppdftex.def 2017/10/31 v0.5l Pdfpages driver for pdfTeX (AM)
)
\AM@pagebox=\box26
\AM@global@opts=\toks16
\AM@toc@title=\toks17
\c@AM@survey=\count93
\AM@templatesizebox=\box27
)
(c:/texlive/2017/texmf-dist/tex/latex/amsmath/amsmath.sty
Package: amsmath 2017/09/02 v2.17a AMS math features
\@mathmargin=\skip46

For additional information on amsmath, use the `?' option.
(c:/texlive/2017/texmf-dist/tex/latex/amsmath/amstext.sty
Package: amstext 2000/06/29 v2.01 AMS text

(c:/texlive/2017/texmf-dist/tex/latex/amsmath/amsgen.sty
File: amsgen.sty 1999/11/30 v2.0 generic functions
\@emptytoks=\toks18
\ex@=\dimen117
))
(c:/texlive/2017/texmf-dist/tex/latex/amsmath/amsbsy.sty
Package: amsbsy 1999/11/29 v1.2d Bold Symbols
\pmbraise@=\dimen118
)
(c:/texlive/2017/texmf-dist/tex/latex/amsmath/amsopn.sty
Package: amsopn 2016/03/08 v2.02 operator names
)
\inf@bad=\count94
LaTeX Info: Redefining \frac on input line 213.
\uproot@=\count95
\leftroot@=\count96
LaTeX Info: Redefining \overline on input line 375.
\classnum@=\count97
\DOTSCASE@=\count98
LaTeX Info: Redefining \ldots on input line 472.
LaTeX Info: Redefining \dots on input line 475.
LaTeX Info: Redefining \cdots on input line 596.
\Mathstrutbox@=\box28
\strutbox@=\box29
\big@size=\dimen119
LaTeX Font Info:    Redeclaring font encoding OML on input line 712.
LaTeX Font Info:    Redeclaring font encoding OMS on input line 713.
\macc@depth=\count99
\c@MaxMatrixCols=\count100
\dotsspace@=\muskip10
\c@parentequation=\count101
\dspbrk@lvl=\count102
\tag@help=\toks19
\row@=\count103
\column@=\count104
\maxfields@=\count105
\andhelp@=\toks20
\eqnshift@=\dimen120
\alignsep@=\dimen121
\tagshift@=\dimen122
\tagwidth@=\dimen123
\totwidth@=\dimen124
\lineht@=\dimen125
\@envbody=\toks21
\multlinegap=\skip47
\multlinetaggap=\skip48
\mathdisplay@stack=\toks22
LaTeX Info: Redefining \[ on input line 2817.
LaTeX Info: Redefining \] on input line 2818.
)
(c:/texlive/2017/texmf-dist/tex/latex/amsfonts/amsfonts.sty
Package: amsfonts 2013/01/14 v3.01 Basic AMSFonts support
\symAMSa=\mathgroup4
\symAMSb=\mathgroup5
LaTeX Font Info:    Overwriting math alphabet `\mathfrak' in version `bold'
(Font)                  U/euf/m/n --> U/euf/b/n on input line 106.
)
(c:/texlive/2017/texmf-dist/tex/latex/tools/bm.sty
Package: bm 2017/01/16 v1.2c Bold Symbol Support (DPC/FMi)
\symboldoperators=\mathgroup6
\symboldletters=\mathgroup7
\symboldsymbols=\mathgroup8
LaTeX Font Info:    Redeclaring math alphabet \mathbf on input line 141.
LaTeX Info: Redefining \bm on input line 207.
)
(c:/texlive/2017/texmf-dist/tex/latex/listings/listings.sty
\lst@mode=\count106
\lst@gtempboxa=\box30
\lst@token=\toks23
\lst@length=\count107
\lst@currlwidth=\dimen126
\lst@column=\count108
\lst@pos=\count109
\lst@lostspace=\dimen127
\lst@width=\dimen128
\lst@newlines=\count110
\lst@lineno=\count111
\lst@maxwidth=\dimen129

(c:/texlive/2017/texmf-dist/tex/latex/listings/lstmisc.sty
File: lstmisc.sty 2015/06/04 1.6 (Carsten Heinz)
\c@lstnumber=\count112
\lst@skipnumbers=\count113
\lst@framebox=\box31
)
(c:/texlive/2017/texmf-dist/tex/latex/listings/listings.cfg
File: listings.cfg 2015/06/04 1.6 listings configuration
))
Package: listings 2015/06/04 1.6 (Carsten Heinz)

(c:/texlive/2017/texmf-dist/tex/latex/multirow/multirow.sty
Package: multirow 2016/11/25 v2.2 Span multiple rows of a table
\multirow@colwidth=\skip49
\multirow@cntb=\count114
\multirow@dima=\skip50
\bigstrutjot=\dimen130
)
(c:/texlive/2017/texmf-dist/tex/latex/tools/array.sty
Package: array 2016/10/06 v2.4d Tabular extension package (FMi)
\col@sep=\dimen131
\extrarowheight=\dimen132
\NC@list=\toks24
\extratabsurround=\skip51
\backup@length=\skip52
)
(c:/texlive/2017/texmf-dist/tex/latex/tools/enumerate.sty
Package: enumerate 2015/07/23 v3.00 enumerate extensions (DPC)
\@enLab=\toks25
)
(c:/texlive/2017/texmf-dist/tex/latex/bbm-macros/bbm.sty
Package: bbm 1999/03/15 V 1.2 provides fonts for set symbols - TH
LaTeX Font Info:    Overwriting math alphabet `\mathbbm' in version `bold'
(Font)                  U/bbm/m/n --> U/bbm/bx/n on input line 33.
LaTeX Font Info:    Overwriting math alphabet `\mathbbmss' in version `bold'
(Font)                  U/bbmss/m/n --> U/bbmss/bx/n on input line 35.
)
(c:/texlive/2017/texmf-dist/tex/latex/base/inputenc.sty
Package: inputenc 2015/03/17 v1.2c Input encoding file
\inpenc@prehook=\toks26
\inpenc@posthook=\toks27

(c:/texlive/2017/texmf-dist/tex/latex/base/latin1.def
File: latin1.def 2015/03/17 v1.2c Input encoding file
))
(c:/texlive/2017/texmf-dist/tex/latex/amsfonts/amssymb.sty
Package: amssymb 2013/01/14 v3.01 AMS font symbols
)
(c:/texlive/2017/texmf-dist/tex/latex/subfig/subfig.sty
Package: subfig 2005/06/28 ver: 1.3 subfig package

(c:/texlive/2017/texmf-dist/tex/latex/caption/caption.sty
Package: caption 2016/02/21 v3.3-144 Customizing captions (AR)

(c:/texlive/2017/texmf-dist/tex/latex/caption/caption3.sty
Package: caption3 2016/05/22 v1.7-166 caption3 kernel (AR)
Package caption3 Info: TeX engine: e-TeX on input line 67.
\captionmargin=\dimen133
\captionmargin@=\dimen134
\captionwidth=\dimen135
\caption@tempdima=\dimen136
\caption@indent=\dimen137
\caption@parindent=\dimen138
\caption@hangindent=\dimen139
)
\c@ContinuedFloat=\count115
Package caption Info: listings package is loaded.
)
\c@KVtest=\count116
\sf@farskip=\skip53
\sf@captopadj=\dimen140
\sf@capskip=\skip54
\sf@nearskip=\skip55
\c@subfigure=\count117
\c@subfigure@save=\count118
\c@lofdepth=\count119
\c@subtable=\count120
\c@subtable@save=\count121
\c@lotdepth=\count122
\sf@top=\skip56
\sf@bottom=\skip57
)
(c:/texlive/2017/texmf-dist/tex/latex/jknapltx/mathrsfs.sty
Package: mathrsfs 1996/01/01 Math RSFS package v1.0 (jk)
\symrsfs=\mathgroup9
)
(c:/texlive/2017/texmf-dist/tex/latex/float/float.sty
Package: float 2001/11/08 v1.3d Float enhancements (AL)
\c@float@type=\count123
\float@exts=\toks28
\float@box=\box32
\@float@everytoks=\toks29
\@floatcapt=\box33
)
(c:/texlive/2017/texmf-dist/tex/latex/booktabs/booktabs.sty
Package: booktabs 2016/04/27 v1.618033 publication quality tables
\heavyrulewidth=\dimen141
\lightrulewidth=\dimen142
\cmidrulewidth=\dimen143
\belowrulesep=\dimen144
\belowbottomsep=\dimen145
\aboverulesep=\dimen146
\abovetopsep=\dimen147
\cmidrulesep=\dimen148
\cmidrulekern=\dimen149
\defaultaddspace=\dimen150
\@cmidla=\count124
\@cmidlb=\count125
\@aboverulesep=\dimen151
\@belowrulesep=\dimen152
\@thisruleclass=\count126
\@lastruleclass=\count127
\@thisrulewidth=\dimen153
)
(c:/texlive/2017/texmf-dist/tex/latex/graphics/rotating.sty
Package: rotating 2016/08/11 v2.16d rotated objects in LaTeX
\c@r@tfl@t=\count128
\rotFPtop=\skip58
\rotFPbot=\skip59
\rot@float@box=\box34
\rot@mess@toks=\toks30
)
(c:/texlive/2017/texmf-dist/tex/latex/amscls/amsthm.sty
Package: amsthm 2017/10/31 v2.20.4
\thm@style=\toks31
\thm@bodyfont=\toks32
\thm@headfont=\toks33
\thm@notefont=\toks34
\thm@headpunct=\toks35
\thm@preskip=\skip60
\thm@postskip=\skip61
\thm@headsep=\skip62
\dth@everypar=\toks36
)
(c:/texlive/2017/texmf-dist/tex/latex/url/url.sty
\Urlmuskip=\muskip11
Package: url 2013/09/16  ver 3.4  Verb mode for urls, etc.
) (./ps1_tex.aux)
\openout1 = `ps1_tex.aux'.

LaTeX Font Info:    Checking defaults for OML/cmm/m/it on input line 61.
LaTeX Font Info:    ... okay on input line 61.
LaTeX Font Info:    Checking defaults for T1/cmr/m/n on input line 61.
LaTeX Font Info:    ... okay on input line 61.
LaTeX Font Info:    Checking defaults for OT1/cmr/m/n on input line 61.
LaTeX Font Info:    ... okay on input line 61.
LaTeX Font Info:    Checking defaults for OMS/cmsy/m/n on input line 61.
LaTeX Font Info:    ... okay on input line 61.
LaTeX Font Info:    Checking defaults for OMX/cmex/m/n on input line 61.
LaTeX Font Info:    ... okay on input line 61.
LaTeX Font Info:    Checking defaults for U/cmr/m/n on input line 61.
LaTeX Font Info:    ... okay on input line 61.

*geometry* driver: auto-detecting
*geometry* detected driver: pdftex
*geometry* verbose mode - [ preamble ] result:
* driver: pdftex
* paper: <default>
* layout: <same size as paper>
* layoutoffset:(h,v)=(0.0pt,0.0pt)
* modes: 
* h-part:(L,W,R)=(56.9055pt, 500.484pt, 56.9055pt)
* v-part:(T,H,B)=(56.9055pt, 652.70622pt, 85.35826pt)
* \paperwidth=614.295pt
* \paperheight=794.96999pt
* \textwidth=500.484pt
* \textheight=652.70622pt
* \oddsidemargin=-15.36449pt
* \evensidemargin=-15.36449pt
* \topmargin=-52.36449pt
* \headheight=12.0pt
* \headsep=25.0pt
* \topskip=11.0pt
* \footskip=30.0pt
* \marginparwidth=59.0pt
* \marginparsep=10.0pt
* \columnsep=10.0pt
* \skip\footins=10.0pt plus 4.0pt minus 2.0pt
* \hoffset=0.0pt
* \voffset=0.0pt
* \mag=1000
* \@twocolumnfalse
* \@twosidefalse
* \@mparswitchfalse
* \@reversemarginfalse
* (1in=72.27pt=25.4mm, 1cm=28.453pt)

\AtBeginShipoutBox=\box35
(c:/texlive/2017/texmf-dist/tex/context/base/mkii/supp-pdf.mkii
[Loading MPS to PDF converter (version 2006.09.02).]
\scratchcounter=\count129
\scratchdimen=\dimen154
\scratchbox=\box36
\nofMPsegments=\count130
\nofMParguments=\count131
\everyMPshowfont=\toks37
\MPscratchCnt=\count132
\MPscratchDim=\dimen155
\MPnumerator=\count133
\makeMPintoPDFobject=\count134
\everyMPtoPDFconversion=\toks38
) (c:/texlive/2017/texmf-dist/tex/latex/oberdiek/epstopdf-base.sty
Package: epstopdf-base 2016/05/15 v2.6 Base part for package epstopdf

(c:/texlive/2017/texmf-dist/tex/latex/oberdiek/grfext.sty
Package: grfext 2016/05/16 v1.2 Manage graphics extensions (HO)

(c:/texlive/2017/texmf-dist/tex/generic/oberdiek/kvdefinekeys.sty
Package: kvdefinekeys 2016/05/16 v1.4 Define keys (HO)
))
(c:/texlive/2017/texmf-dist/tex/latex/oberdiek/kvoptions.sty
Package: kvoptions 2016/05/16 v3.12 Key value format for package options (HO)

(c:/texlive/2017/texmf-dist/tex/generic/oberdiek/kvsetkeys.sty
Package: kvsetkeys 2016/05/16 v1.17 Key value parser (HO)

(c:/texlive/2017/texmf-dist/tex/generic/oberdiek/etexcmds.sty
Package: etexcmds 2016/05/16 v1.6 Avoid name clashes with e-TeX commands (HO)

(c:/texlive/2017/texmf-dist/tex/generic/oberdiek/ifluatex.sty
Package: ifluatex 2016/05/16 v1.4 Provides the ifluatex switch (HO)
Package ifluatex Info: LuaTeX not detected.
)
Package etexcmds Info: Could not find \expanded.
(etexcmds)             That can mean that you are not using pdfTeX 1.50 or
(etexcmds)             that some package has redefined \expanded.
(etexcmds)             In the latter case, load this package earlier.
)))
(c:/texlive/2017/texmf-dist/tex/generic/oberdiek/pdftexcmds.sty
Package: pdftexcmds 2018/01/21 v0.26 Utility functions of pdfTeX for LuaTeX (HO
)
Package pdftexcmds Info: LuaTeX not detected.
Package pdftexcmds Info: \pdf@primitive is available.
Package pdftexcmds Info: \pdf@ifprimitive is available.
Package pdftexcmds Info: \pdfdraftmode found.
)
Package epstopdf-base Info: Redefining graphics rule for `.eps' on input line 4
38.
Package grfext Info: Graphics extension search list:
(grfext)             [.pdf,.png,.jpg,.mps,.jpeg,.jbig2,.jb2,.PDF,.PNG,.JPG,.JPE
G,.JBIG2,.JB2,.eps]
(grfext)             \AppendGraphicsExtensions on input line 456.

(c:/texlive/2017/texmf-dist/tex/latex/latexconfig/epstopdf-sys.cfg
File: epstopdf-sys.cfg 2010/07/13 v1.3 Configuration of (r)epstopdf for TeX Liv
e
))
(c:/texlive/2017/texmf-dist/tex/latex/oberdiek/pdflscape.sty
Package: pdflscape 2016/05/14 v0.11 Display of landscape pages in PDF (HO)

(c:/texlive/2017/texmf-dist/tex/latex/graphics/lscape.sty
Package: lscape 2000/10/22 v3.01 Landscape Pages (DPC)
)
Package pdflscape Info: Auto-detected driver: pdftex on input line 81.
)
\c@lstlisting=\count135
Package caption Info: Begin \AtBeginDocument code.
Package caption Info: subfig package v1.3 is loaded.
Package caption Info: float package is loaded.
Package caption Info: rotating package is loaded.
Package caption Info: End \AtBeginDocument code.
LaTeX Font Info:    Try loading font information for U+msa on input line 62.

(c:/texlive/2017/texmf-dist/tex/latex/amsfonts/umsa.fd
File: umsa.fd 2013/01/14 v3.01 AMS symbols A
)
LaTeX Font Info:    Try loading font information for U+msb on input line 62.

(c:/texlive/2017/texmf-dist/tex/latex/amsfonts/umsb.fd
File: umsb.fd 2013/01/14 v3.01 AMS symbols B
)
LaTeX Font Info:    Try loading font information for U+rsfs on input line 62.

(c:/texlive/2017/texmf-dist/tex/latex/jknapltx/ursfs.fd
File: ursfs.fd 1998/03/24 rsfs font definition file (jk)
) (./q1_p1.tex)
(./q1_p3.tex) [1

{c:/texlive/2017/texmf-var/fonts/map/pdftex/updmap/pdftex.map}] (./q1_p6.tex) [
2] (./q2_p3a.tex) (./q2_p3b.tex) [3] (./q2_p3c.tex)
! Undefined control sequence.
<argument> (\sum _{j'}\1
                        (\text {j and j' produced by same firm})x_j') - x_j
l.207 ...text{j and j' produced by same firm}))-1}
                                                  $$.
The control sequence at the end of the top line
of your error message was never \def'ed. If you have
misspelled it (e.g., `\hobx'), type `I' and the correct
spelling (e.g., `I\hbox'). Otherwise just continue,
and I'll forget about whatever was undefined.

! Undefined control sequence.
<argument> (\sum _{j'}\1
                        (\text {j and j' produced by same firm}))-1
l.207 ...text{j and j' produced by same firm}))-1}
                                                  $$.
The control sequence at the end of the top line
of your error message was never \def'ed. If you have
misspelled it (e.g., `\hobx'), type `I' and the correct
spelling (e.g., `I\hbox'). Otherwise just continue,
and I'll forget about whatever was undefined.

[4] (./q3_p5.tex)

Package pdfpages Warning: Option `page' is unknow to \includepdf.
(pdfpages)                Did you mean `pages'? (Note the `s'!)
(pdfpages)                OK, I'll proceed as if it were `pages'.

<assignment_1_r_code_pdf.pdf, id=31, 614.295pt x 794.97pt>
File: assignment_1_r_code_pdf.pdf Graphic file (type pdf)
<use assignment_1_r_code_pdf.pdf>
Package pdftex.def Info: assignment_1_r_code_pdf.pdf  used on input line 243.
(pdftex.def)             Requested size: 614.29349pt x 794.96806pt.
File: assignment_1_r_code_pdf.pdf Graphic file (type pdf)
<use assignment_1_r_code_pdf.pdf>
Package pdftex.def Info: assignment_1_r_code_pdf.pdf  used on input line 243.
(pdftex.def)             Requested size: 614.29349pt x 794.96806pt.
<assignment_1_r_code_pdf.pdf, id=34, page=1, 614.295pt x 794.97pt>
File: assignment_1_r_code_pdf.pdf Graphic file (type pdf)
<use assignment_1_r_code_pdf.pdf, page 1>
Package pdftex.def Info: assignment_1_r_code_pdf.pdf , page1 used on input line
 243.
(pdftex.def)             Requested size: 614.29349pt x 794.96806pt.
File: assignment_1_r_code_pdf.pdf Graphic file (type pdf)
<use assignment_1_r_code_pdf.pdf, page 1>
Package pdftex.def Info: assignment_1_r_code_pdf.pdf , page1 used on input line
 243.
(pdftex.def)             Requested size: 614.58406pt x 795.3441pt.
[5]
File: assignment_1_r_code_pdf.pdf Graphic file (type pdf)
<use assignment_1_r_code_pdf.pdf, page 1>
Package pdftex.def Info: assignment_1_r_code_pdf.pdf , page1 used on input line
 243.
(pdftex.def)             Requested size: 614.58406pt x 795.3441pt.
File: assignment_1_r_code_pdf.pdf Graphic file (type pdf)
<use assignment_1_r_code_pdf.pdf, page 1>
Package pdftex.def Info: assignment_1_r_code_pdf.pdf , page1 used on input line
 243.
(pdftex.def)             Requested size: 614.58406pt x 795.3441pt.
File: assignment_1_r_code_pdf.pdf Graphic file (type pdf)
<use assignment_1_r_code_pdf.pdf, page 1>
Package pdftex.def Info: assignment_1_r_code_pdf.pdf , page1 used on input line
 243.
(pdftex.def)             Requested size: 614.58406pt x 795.3441pt.
 [6 <./assignment_1_r_code_pdf.pdf>]
<assignment_1_r_code_pdf.pdf, id=67, page=2, 614.295pt x 794.97pt>
File: assignment_1_r_code_pdf.pdf Graphic file (type pdf)
<use assignment_1_r_code_pdf.pdf, page 2>
Package pdftex.def Info: assignment_1_r_code_pdf.pdf , page2 used on input line
 243.
(pdftex.def)             Requested size: 614.58406pt x 795.3441pt.
File: assignment_1_r_code_pdf.pdf Graphic file (type pdf)
<use assignment_1_r_code_pdf.pdf, page 2>
Package pdftex.def Info: assignment_1_r_code_pdf.pdf , page2 used on input line
 243.
(pdftex.def)             Requested size: 614.58406pt x 795.3441pt.
File: assignment_1_r_code_pdf.pdf Graphic file (type pdf)
<use assignment_1_r_code_pdf.pdf, page 2>
Package pdftex.def Info: assignment_1_r_code_pdf.pdf , page2 used on input line
 243.
(pdftex.def)             Requested size: 614.58406pt x 795.3441pt.
 [7 <./assignment_1_r_code_pdf.pdf>]
<assignment_1_r_code_pdf.pdf, id=72, page=3, 614.295pt x 794.97pt>
File: assignment_1_r_code_pdf.pdf Graphic file (type pdf)
<use assignment_1_r_code_pdf.pdf, page 3>
Package pdftex.def Info: assignment_1_r_code_pdf.pdf , page3 used on input line
 243.
(pdftex.def)             Requested size: 614.58406pt x 795.3441pt.
File: assignment_1_r_code_pdf.pdf Graphic file (type pdf)
<use assignment_1_r_code_pdf.pdf, page 3>
Package pdftex.def Info: assignment_1_r_code_pdf.pdf , page3 used on input line
 243.
(pdftex.def)             Requested size: 614.58406pt x 795.3441pt.
File: assignment_1_r_code_pdf.pdf Graphic file (type pdf)
<use assignment_1_r_code_pdf.pdf, page 3>
Package pdftex.def Info: assignment_1_r_code_pdf.pdf , page3 used on input line
 243.
(pdftex.def)             Requested size: 614.58406pt x 795.3441pt.

[8 <./assignment_1_r_code_pdf.pdf>]
<assignment_1_r_code_pdf.pdf, id=79, page=4, 614.295pt x 794.97pt>
File: assignment_1_r_code_pdf.pdf Graphic file (type pdf)
<use assignment_1_r_code_pdf.pdf, page 4>
Package pdftex.def Info: assignment_1_r_code_pdf.pdf , page4 used on input line
 243.
(pdftex.def)             Requested size: 614.58406pt x 795.3441pt.
File: assignment_1_r_code_pdf.pdf Graphic file (type pdf)
<use assignment_1_r_code_pdf.pdf, page 4>
Package pdftex.def Info: assignment_1_r_code_pdf.pdf , page4 used on input line
 243.
(pdftex.def)             Requested size: 614.58406pt x 795.3441pt.
File: assignment_1_r_code_pdf.pdf Graphic file (type pdf)
<use assignment_1_r_code_pdf.pdf, page 4>
Package pdftex.def Info: assignment_1_r_code_pdf.pdf , page4 used on input line
 243.
(pdftex.def)             Requested size: 614.58406pt x 795.3441pt.
 [9 <./assignment_1_r_code_pdf.pdf>]
<assignment_1_r_code_pdf.pdf, id=83, page=5, 614.295pt x 794.97pt>
File: assignment_1_r_code_pdf.pdf Graphic file (type pdf)
<use assignment_1_r_code_pdf.pdf, page 5>
Package pdftex.def Info: assignment_1_r_code_pdf.pdf , page5 used on input line
 243.
(pdftex.def)             Requested size: 614.58406pt x 795.3441pt.
File: assignment_1_r_code_pdf.pdf Graphic file (type pdf)
<use assignment_1_r_code_pdf.pdf, page 5>
Package pdftex.def Info: assignment_1_r_code_pdf.pdf , page5 used on input line
 243.
(pdftex.def)             Requested size: 614.58406pt x 795.3441pt.
File: assignment_1_r_code_pdf.pdf Graphic file (type pdf)
<use assignment_1_r_code_pdf.pdf, page 5>
Package pdftex.def Info: assignment_1_r_code_pdf.pdf , page5 used on input line
 243.
(pdftex.def)             Requested size: 614.58406pt x 795.3441pt.

[10 <./assignment_1_r_code_pdf.pdf>]
<assignment_1_r_code_pdf.pdf, id=87, page=6, 614.295pt x 794.97pt>
File: assignment_1_r_code_pdf.pdf Graphic file (type pdf)
<use assignment_1_r_code_pdf.pdf, page 6>
Package pdftex.def Info: assignment_1_r_code_pdf.pdf , page6 used on input line
 243.
(pdftex.def)             Requested size: 614.58406pt x 795.3441pt.
File: assignment_1_r_code_pdf.pdf Graphic file (type pdf)
<use assignment_1_r_code_pdf.pdf, page 6>
Package pdftex.def Info: assignment_1_r_code_pdf.pdf , page6 used on input line
 243.
(pdftex.def)             Requested size: 614.58406pt x 795.3441pt.
File: assignment_1_r_code_pdf.pdf Graphic file (type pdf)
<use assignment_1_r_code_pdf.pdf, page 6>
Package pdftex.def Info: assignment_1_r_code_pdf.pdf , page6 used on input line
 243.
(pdftex.def)             Requested size: 614.58406pt x 795.3441pt.
 [11 <./assignment_1_r_code_pdf.pdf>]
<assignment_1_r_code_pdf.pdf, id=94, page=7, 614.295pt x 794.97pt>
File: assignment_1_r_code_pdf.pdf Graphic file (type pdf)
<use assignment_1_r_code_pdf.pdf, page 7>
Package pdftex.def Info: assignment_1_r_code_pdf.pdf , page7 used on input line
 243.
(pdftex.def)             Requested size: 614.58406pt x 795.3441pt.
File: assignment_1_r_code_pdf.pdf Graphic file (type pdf)
<use assignment_1_r_code_pdf.pdf, page 7>
Package pdftex.def Info: assignment_1_r_code_pdf.pdf , page7 used on input line
 243.
(pdftex.def)             Requested size: 614.58406pt x 795.3441pt.
File: assignment_1_r_code_pdf.pdf Graphic file (type pdf)
<use assignment_1_r_code_pdf.pdf, page 7>
Package pdftex.def Info: assignment_1_r_code_pdf.pdf , page7 used on input line
 243.
(pdftex.def)             Requested size: 614.58406pt x 795.3441pt.

[12 <./assignment_1_r_code_pdf.pdf>]
<assignment_1_r_code_pdf.pdf, id=98, page=8, 614.295pt x 794.97pt>
File: assignment_1_r_code_pdf.pdf Graphic file (type pdf)
<use assignment_1_r_code_pdf.pdf, page 8>
Package pdftex.def Info: assignment_1_r_code_pdf.pdf , page8 used on input line
 243.
(pdftex.def)             Requested size: 614.58406pt x 795.3441pt.
File: assignment_1_r_code_pdf.pdf Graphic file (type pdf)
<use assignment_1_r_code_pdf.pdf, page 8>
Package pdftex.def Info: assignment_1_r_code_pdf.pdf , page8 used on input line
 243.
(pdftex.def)             Requested size: 614.58406pt x 795.3441pt.
File: assignment_1_r_code_pdf.pdf Graphic file (type pdf)
<use assignment_1_r_code_pdf.pdf, page 8>
Package pdftex.def Info: assignment_1_r_code_pdf.pdf , page8 used on input line
 243.
(pdftex.def)             Requested size: 614.58406pt x 795.3441pt.
 [13 <./assignment_1_r_code_pdf.pdf>]
<assignment_1_r_code_pdf.pdf, id=103, page=9, 614.295pt x 794.97pt>
File: assignment_1_r_code_pdf.pdf Graphic file (type pdf)
<use assignment_1_r_code_pdf.pdf, page 9>
Package pdftex.def Info: assignment_1_r_code_pdf.pdf , page9 used on input line
 243.
(pdftex.def)             Requested size: 614.58406pt x 795.3441pt.
File: assignment_1_r_code_pdf.pdf Graphic file (type pdf)
<use assignment_1_r_code_pdf.pdf, page 9>
Package pdftex.def Info: assignment_1_r_code_pdf.pdf , page9 used on input line
 243.
(pdftex.def)             Requested size: 614.58406pt x 795.3441pt.
File: assignment_1_r_code_pdf.pdf Graphic file (type pdf)
<use assignment_1_r_code_pdf.pdf, page 9>
Package pdftex.def Info: assignment_1_r_code_pdf.pdf , page9 used on input line
 243.
(pdftex.def)             Requested size: 614.58406pt x 795.3441pt.

[14 <./assignment_1_r_code_pdf.pdf>]
<assignment_1_r_code_pdf.pdf, id=107, page=10, 614.295pt x 794.97pt>
File: assignment_1_r_code_pdf.pdf Graphic file (type pdf)
<use assignment_1_r_code_pdf.pdf, page 10>
Package pdftex.def Info: assignment_1_r_code_pdf.pdf , page10 used on input lin
e 243.
(pdftex.def)             Requested size: 614.58406pt x 795.3441pt.
File: assignment_1_r_code_pdf.pdf Graphic file (type pdf)
<use assignment_1_r_code_pdf.pdf, page 10>
Package pdftex.def Info: assignment_1_r_code_pdf.pdf , page10 used on input lin
e 243.
(pdftex.def)             Requested size: 614.58406pt x 795.3441pt.
File: assignment_1_r_code_pdf.pdf Graphic file (type pdf)
<use assignment_1_r_code_pdf.pdf, page 10>
Package pdftex.def Info: assignment_1_r_code_pdf.pdf , page10 used on input lin
e 243.
(pdftex.def)             Requested size: 614.58406pt x 795.3441pt.
 [15 <./assignment_1_r_code_pdf.pdf>]
<assignment_1_r_code_pdf.pdf, id=111, page=11, 614.295pt x 794.97pt>
File: assignment_1_r_code_pdf.pdf Graphic file (type pdf)
<use assignment_1_r_code_pdf.pdf, page 11>
Package pdftex.def Info: assignment_1_r_code_pdf.pdf , page11 used on input lin
e 243.
(pdftex.def)             Requested size: 614.58406pt x 795.3441pt.
File: assignment_1_r_code_pdf.pdf Graphic file (type pdf)
<use assignment_1_r_code_pdf.pdf, page 11>
Package pdftex.def Info: assignment_1_r_code_pdf.pdf , page11 used on input lin
e 243.
(pdftex.def)             Requested size: 614.58406pt x 795.3441pt.
File: assignment_1_r_code_pdf.pdf Graphic file (type pdf)
<use assignment_1_r_code_pdf.pdf, page 11>
Package pdftex.def Info: assignment_1_r_code_pdf.pdf , page11 used on input lin
e 243.
(pdftex.def)             Requested size: 614.58406pt x 795.3441pt.

[16 <./assignment_1_r_code_pdf.pdf>]
<assignment_1_r_code_pdf.pdf, id=115, page=12, 614.295pt x 794.97pt>
File: assignment_1_r_code_pdf.pdf Graphic file (type pdf)
<use assignment_1_r_code_pdf.pdf, page 12>
Package pdftex.def Info: assignment_1_r_code_pdf.pdf , page12 used on input lin
e 243.
(pdftex.def)             Requested size: 614.58406pt x 795.3441pt.
File: assignment_1_r_code_pdf.pdf Graphic file (type pdf)
<use assignment_1_r_code_pdf.pdf, page 12>
Package pdftex.def Info: assignment_1_r_code_pdf.pdf , page12 used on input lin
e 243.
(pdftex.def)             Requested size: 614.58406pt x 795.3441pt.
File: assignment_1_r_code_pdf.pdf Graphic file (type pdf)
<use assignment_1_r_code_pdf.pdf, page 12>
Package pdftex.def Info: assignment_1_r_code_pdf.pdf , page12 used on input lin
e 243.
(pdftex.def)             Requested size: 614.58406pt x 795.3441pt.
 [17 <./assignment_1_r_code_pdf.pdf>]
<assignment_1_r_code_pdf.pdf, id=119, page=13, 614.295pt x 794.97pt>
File: assignment_1_r_code_pdf.pdf Graphic file (type pdf)
<use assignment_1_r_code_pdf.pdf, page 13>
Package pdftex.def Info: assignment_1_r_code_pdf.pdf , page13 used on input lin
e 243.
(pdftex.def)             Requested size: 614.58406pt x 795.3441pt.
File: assignment_1_r_code_pdf.pdf Graphic file (type pdf)
<use assignment_1_r_code_pdf.pdf, page 13>
Package pdftex.def Info: assignment_1_r_code_pdf.pdf , page13 used on input lin
e 243.
(pdftex.def)             Requested size: 614.58406pt x 795.3441pt.
File: assignment_1_r_code_pdf.pdf Graphic file (type pdf)
<use assignment_1_r_code_pdf.pdf, page 13>
Package pdftex.def Info: assignment_1_r_code_pdf.pdf , page13 used on input lin
e 243.
(pdftex.def)             Requested size: 614.58406pt x 795.3441pt.

[18 <./assignment_1_r_code_pdf.pdf>]
<assignment_1_r_code_pdf.pdf, id=123, page=14, 614.295pt x 794.97pt>
File: assignment_1_r_code_pdf.pdf Graphic file (type pdf)
<use assignment_1_r_code_pdf.pdf, page 14>
Package pdftex.def Info: assignment_1_r_code_pdf.pdf , page14 used on input lin
e 243.
(pdftex.def)             Requested size: 614.58406pt x 795.3441pt.
File: assignment_1_r_code_pdf.pdf Graphic file (type pdf)
<use assignment_1_r_code_pdf.pdf, page 14>
Package pdftex.def Info: assignment_1_r_code_pdf.pdf , page14 used on input lin
e 243.
(pdftex.def)             Requested size: 614.58406pt x 795.3441pt.
File: assignment_1_r_code_pdf.pdf Graphic file (type pdf)
<use assignment_1_r_code_pdf.pdf, page 14>
Package pdftex.def Info: assignment_1_r_code_pdf.pdf , page14 used on input lin
e 243.
(pdftex.def)             Requested size: 614.58406pt x 795.3441pt.
 [19 <./assignment_1_r_code_pdf.pdf>]
(./ps1_tex.aux) ) 
Here is how much of TeX's memory you used:
 7306 strings out of 492980
 106628 string characters out of 6136207
 189241 words of memory out of 5000000
 10702 multiletter control sequences out of 15000+600000
 15086 words of font info for 57 fonts, out of 8000000 for 9000
 1141 hyphenation exceptions out of 8191
 44i,18n,46p,583b,432s stack positions out of 5000i,500n,10000p,200000b,80000s
<c:/texlive/2017/texmf-dist/fonts/type1/public/amsfonts/cm/cmb
x10.pfb><c:/texlive/2017/texmf-dist/fonts/type1/public/amsfonts/cm/cmbx12.pfb><
c:/texlive/2017/texmf-dist/fonts/type1/public/amsfonts/cm/cmex10.pfb><c:/texliv
e/2017/texmf-dist/fonts/type1/public/amsfonts/cm/cmmi10.pfb><c:/texlive/2017/te
xmf-dist/fonts/type1/public/amsfonts/cm/cmmi6.pfb><c:/texlive/2017/texmf-dist/f
onts/type1/public/amsfonts/cm/cmmi8.pfb><c:/texlive/2017/texmf-dist/fonts/type1
/public/amsfonts/cm/cmmib10.pfb><c:/texlive/2017/texmf-dist/fonts/type1/public/
amsfonts/cmextra/cmmib8.pfb><c:/texlive/2017/texmf-dist/fonts/type1/public/amsf
onts/cm/cmr10.pfb><c:/texlive/2017/texmf-dist/fonts/type1/public/amsfonts/cm/cm
r12.pfb><c:/texlive/2017/texmf-dist/fonts/type1/public/amsfonts/cm/cmr17.pfb><c
:/texlive/2017/texmf-dist/fonts/type1/public/amsfonts/cm/cmr6.pfb><c:/texlive/2
017/texmf-dist/fonts/type1/public/amsfonts/cm/cmr8.pfb><c:/texlive/2017/texmf-d
ist/fonts/type1/public/amsfonts/cm/cmsy10.pfb><c:/texlive/2017/texmf-dist/fonts
/type1/public/amsfonts/cm/cmsy6.pfb><c:/texlive/2017/texmf-dist/fonts/type1/pub
lic/amsfonts/cm/cmsy8.pfb><c:/texlive/2017/texmf-dist/fonts/type1/public/lm/lmr
10.pfb><c:/texlive/2017/texmf-dist/fonts/type1/public/lm/lmr17.pfb><c:/texlive/
2017/texmf-dist/fonts/type1/public/lm/lmtk10.pfb><c:/texlive/2017/texmf-dist/fo
nts/type1/public/lm/lmtt10.pfb><c:/texlive/2017/texmf-dist/fonts/type1/public/l
m/lmtti10.pfb>
Output written on ps1_tex.pdf (19 pages, 341281 bytes).
PDF statistics:
 185 PDF objects out of 1000 (max. 8388607)
 124 compressed objects within 2 object streams
 0 named destinations out of 1000 (max. 500000)
 86 words of extra memory for PDF output out of 10000 (max. 10000000)

